#### Jureczko
```

rank ,         name ,    med   ,  iqr 
----------------------------------------------------
   1 ,       lucene ,    0.30  ,  0.02 (  ---*    --   |              ),   0,    0,    0,    0,    0
   2 ,          ant ,    0.36  ,  0.02 (               |        *   - ),   0,    0,    0,    0,    0

rank ,         name ,    med   ,  iqr 
----------------------------------------------------
   1 ,          ivy ,    0.28  ,  0.00 (-----------*   |              ),   0,    0,    0,    0,    0
   1 ,       lucene ,    0.28  ,  0.02 (    --------   *   ---------- ),   0,    0,    0,    0,    0

rank ,         name ,    med   ,  iqr 
----------------------------------------------------
   1 ,        jedit ,    0.38  ,  0.00 (- *            |              ),   0,    0,    0,    0,    0
   2 ,       lucene ,    0.43  ,  0.02 (               | --   *    -- ),   0,    0,    0,    0,    0

rank ,         name ,    med   ,  iqr 
----------------------------------------------------
   1 ,       lucene ,    0.23  ,  0.02 (-  *--         |              ),   0,    0,    0,    0,    0
   2 ,          poi ,    0.34  ,  0.03 (              -|  *---------- ),   0,    0,    0,    0,    0
```
#### McCabes
```

rank ,         name ,    med   ,  iqr 
----------------------------------------------------
   1 ,           cm ,    0.12  ,  0.00 ( *             |              ),   0,    0,    0,    0,    0
   2 ,           mc ,    0.42  ,  0.01 (               |             *),   0,    0,    0,    0,    0

rank ,         name ,    med   ,  iqr 
----------------------------------------------------
   1 ,           jm ,    0.36  ,  0.01 ( ---  *     -- |              ),   0,    0,    0,    0,    0
   2 ,           mc ,    0.38  ,  0.00 (               |         ---* ),   0,    0,    0,    0,    0

rank ,         name ,    med   ,  iqr 
----------------------------------------------------
   1 ,           kc ,    0.06  ,  0.00 (*---           |              ),   0,    0,    0,    0,    0
   2 ,           mc ,    0.37  ,  0.03 (               |         -* - ),   0,    0,    0,    0,    0

rank ,         name ,    med   ,  iqr 
----------------------------------------------------
   1 ,           mw ,    0.05  ,  0.00 (*              |              ),   0,    0,    0,    0,    0
   2 ,           mc ,    0.35  ,  0.01 (               |            * ),   0,    0,    0,    0,    0
```
#### AEEEM
```
